E:\GIT_REP\SERVER_STUDY\DOC\COCOS\小游戏\连连看\LINK-UP-BFS\LINK-UP\DEBUG\LINK.OBJ
E:\GIT_REP\SERVER_STUDY\DOC\COCOS\小游戏\连连看\LINK-UP-BFS\LINK-UP\DEBUG\VC110.PDB
E:\GIT_REP\SERVER_STUDY\DOC\COCOS\小游戏\连连看\LINK-UP-BFS\DEBUG\LINK-UP.ILK
E:\GIT_REP\SERVER_STUDY\DOC\COCOS\小游戏\连连看\LINK-UP-BFS\DEBUG\LINK-UP.EXE
E:\GIT_REP\SERVER_STUDY\DOC\COCOS\小游戏\连连看\LINK-UP-BFS\DEBUG\LINK-UP.PDB
E:\git_rep\Server_Study\doc\cocos\小游戏\连连看\Link-up-BFS\Link-up\Debug\Link.obj
E:\git_rep\Server_Study\doc\cocos\小游戏\连连看\Link-up-BFS\Link-up\Debug\cl.command.1.tlog
E:\git_rep\Server_Study\doc\cocos\小游戏\连连看\Link-up-BFS\Link-up\Debug\CL.read.1.tlog
E:\git_rep\Server_Study\doc\cocos\小游戏\连连看\Link-up-BFS\Link-up\Debug\CL.write.1.tlog
E:\git_rep\Server_Study\doc\cocos\小游戏\连连看\Link-up-BFS\Link-up\Debug\link-cvtres.read.1.tlog
E:\git_rep\Server_Study\doc\cocos\小游戏\连连看\Link-up-BFS\Link-up\Debug\link-cvtres.write.1.tlog
E:\git_rep\Server_Study\doc\cocos\小游戏\连连看\Link-up-BFS\Link-up\Debug\link-rc.read.1.tlog
E:\git_rep\Server_Study\doc\cocos\小游戏\连连看\Link-up-BFS\Link-up\Debug\link-rc.write.1.tlog
E:\git_rep\Server_Study\doc\cocos\小游戏\连连看\Link-up-BFS\Link-up\Debug\link.4204-cvtres.read.1.tlog
E:\git_rep\Server_Study\doc\cocos\小游戏\连连看\Link-up-BFS\Link-up\Debug\link.4204-cvtres.write.1.tlog
E:\git_rep\Server_Study\doc\cocos\小游戏\连连看\Link-up-BFS\Link-up\Debug\link.4204-rc.read.1.tlog
E:\git_rep\Server_Study\doc\cocos\小游戏\连连看\Link-up-BFS\Link-up\Debug\link.4204-rc.write.1.tlog
E:\git_rep\Server_Study\doc\cocos\小游戏\连连看\Link-up-BFS\Link-up\Debug\link.4204.read.1.tlog
E:\git_rep\Server_Study\doc\cocos\小游戏\连连看\Link-up-BFS\Link-up\Debug\link.4204.write.1.tlog
E:\git_rep\Server_Study\doc\cocos\小游戏\连连看\Link-up-BFS\Link-up\Debug\link.5276-cvtres.read.1.tlog
E:\git_rep\Server_Study\doc\cocos\小游戏\连连看\Link-up-BFS\Link-up\Debug\link.5276-cvtres.write.1.tlog
E:\git_rep\Server_Study\doc\cocos\小游戏\连连看\Link-up-BFS\Link-up\Debug\link.5276-rc.read.1.tlog
E:\git_rep\Server_Study\doc\cocos\小游戏\连连看\Link-up-BFS\Link-up\Debug\link.5276-rc.write.1.tlog
E:\git_rep\Server_Study\doc\cocos\小游戏\连连看\Link-up-BFS\Link-up\Debug\link.5276.read.1.tlog
E:\git_rep\Server_Study\doc\cocos\小游戏\连连看\Link-up-BFS\Link-up\Debug\link.5276.write.1.tlog
E:\git_rep\Server_Study\doc\cocos\小游戏\连连看\Link-up-BFS\Link-up\Debug\link.7564-cvtres.read.1.tlog
E:\git_rep\Server_Study\doc\cocos\小游戏\连连看\Link-up-BFS\Link-up\Debug\link.7564-cvtres.write.1.tlog
E:\git_rep\Server_Study\doc\cocos\小游戏\连连看\Link-up-BFS\Link-up\Debug\link.7564-rc.read.1.tlog
E:\git_rep\Server_Study\doc\cocos\小游戏\连连看\Link-up-BFS\Link-up\Debug\link.7564-rc.write.1.tlog
E:\git_rep\Server_Study\doc\cocos\小游戏\连连看\Link-up-BFS\Link-up\Debug\link.7564.read.1.tlog
E:\git_rep\Server_Study\doc\cocos\小游戏\连连看\Link-up-BFS\Link-up\Debug\link.7564.write.1.tlog
E:\git_rep\Server_Study\doc\cocos\小游戏\连连看\Link-up-BFS\Link-up\Debug\link.7592-cvtres.read.1.tlog
E:\git_rep\Server_Study\doc\cocos\小游戏\连连看\Link-up-BFS\Link-up\Debug\link.7592-cvtres.write.1.tlog
E:\git_rep\Server_Study\doc\cocos\小游戏\连连看\Link-up-BFS\Link-up\Debug\link.7592-rc.read.1.tlog
E:\git_rep\Server_Study\doc\cocos\小游戏\连连看\Link-up-BFS\Link-up\Debug\link.7592-rc.write.1.tlog
E:\git_rep\Server_Study\doc\cocos\小游戏\连连看\Link-up-BFS\Link-up\Debug\link.7592.read.1.tlog
E:\git_rep\Server_Study\doc\cocos\小游戏\连连看\Link-up-BFS\Link-up\Debug\link.7592.write.1.tlog
E:\git_rep\Server_Study\doc\cocos\小游戏\连连看\Link-up-BFS\Link-up\Debug\link.command.1.tlog
E:\git_rep\Server_Study\doc\cocos\小游戏\连连看\Link-up-BFS\Link-up\Debug\link.read.1.tlog
E:\git_rep\Server_Study\doc\cocos\小游戏\连连看\Link-up-BFS\Link-up\Debug\link.write.1.tlog
E:\git_rep\Server_Study\doc\cocos\小游戏\连连看\Link-up-BFS\Link-up\Debug\vc110.idb
E:\git_rep\Server_Study\doc\cocos\小游戏\连连看\Link-up-BFS\Link-up\Debug\vc110.pdb
E:\git_rep\Server_Study\doc\cocos\小游戏\连连看\Link-up-BFS\Debug\Link-up.pdb
E:\git_rep\Server_Study\doc\cocos\小游戏\连连看\Link-up-BFS\Debug\Link-up.exe
E:\git_rep\Server_Study\doc\cocos\小游戏\连连看\Link-up-BFS\Debug\Link-up.ilk
